============================================================
Time  2018/04/22 20:30:07 267 
============================================================
[2018/04/22 20:30:07 268] grm_lex    264  SYS_MSG_LOAD  
[2018/04/22 20:30:07 268] grm_lex    281  SYS_MSG_REGCB  
[2018/04/22 20:30:07 269] grm_lex    267  SYS_MSG_UNLOAD  
[2018/04/22 20:30:07 269] grm_lex    281  SYS_MSG_REGCB  
[2018/04/22 20:30:07 269] grm_lex    251  ISR_MSG_BUILDGRAMMAR  
[2018/04/22 20:30:07 269] grm_lex    100  grm_type :  bnf  
[2018/04/22 20:30:07 269] grm_lex    106  engine_type  :  local  
[2018/04/22 20:30:07 269] grm_lex    106  asr_res_path  :  fo|res/asr/common.jet  
[2018/04/22 20:30:07 269] grm_lex    106  sample_rate  :  16000  
[2018/04/22 20:30:07 269] grm_lex    106  grm_build_path  :  res/asr/GrmBuilld  
[2018/04/22 20:30:07 274] grm_lex    254  ISR_MSG_BUILDGRAMMAR ret =  0  
[2018/04/22 20:30:07 455] grm_lex    71   0  call  
============================================================
Time  2018/04/22 20:30:19 500 
============================================================
[2018/04/22 20:30:19 501] grm_lex    264  SYS_MSG_LOAD  
[2018/04/22 20:30:19 501] grm_lex    281  SYS_MSG_REGCB  
[2018/04/22 20:30:19 501] grm_lex    267  SYS_MSG_UNLOAD  
[2018/04/22 20:30:19 502] grm_lex    281  SYS_MSG_REGCB  
[2018/04/22 20:30:19 502] grm_lex    251  ISR_MSG_BUILDGRAMMAR  
[2018/04/22 20:30:19 502] grm_lex    100  grm_type :  bnf  
[2018/04/22 20:30:19 502] grm_lex    106  engine_type  :  local  
[2018/04/22 20:30:19 502] grm_lex    106  asr_res_path  :  fo|res/asr/common.jet  
[2018/04/22 20:30:19 502] grm_lex    106  sample_rate  :  16000  
[2018/04/22 20:30:19 502] grm_lex    106  grm_build_path  :  res/asr/GrmBuilld  
[2018/04/22 20:30:19 506] grm_lex    254  ISR_MSG_BUILDGRAMMAR ret =  0  
[2018/04/22 20:30:19 579] grm_lex    71   0  call  
============================================================
Time  2018/04/22 20:30:31 883 
============================================================
[2018/04/22 20:30:31 884] grm_lex    264  SYS_MSG_LOAD  
[2018/04/22 20:30:31 884] grm_lex    281  SYS_MSG_REGCB  
[2018/04/22 20:30:31 885] grm_lex    267  SYS_MSG_UNLOAD  
[2018/04/22 20:30:31 885] grm_lex    281  SYS_MSG_REGCB  
[2018/04/22 20:30:31 885] grm_lex    251  ISR_MSG_BUILDGRAMMAR  
[2018/04/22 20:30:31 885] grm_lex    100  grm_type :  bnf  
[2018/04/22 20:30:31 885] grm_lex    106  engine_type  :  local  
[2018/04/22 20:30:31 885] grm_lex    106  asr_res_path  :  fo|res/asr/common.jet  
[2018/04/22 20:30:31 885] grm_lex    106  sample_rate  :  16000  
[2018/04/22 20:30:31 885] grm_lex    106  grm_build_path  :  res/asr/GrmBuilld  
[2018/04/22 20:30:31 891] grm_lex    254  ISR_MSG_BUILDGRAMMAR ret =  0  
[2018/04/22 20:30:32 088] grm_lex    71   0  call  
============================================================
Time  2018/04/22 20:30:44 260 
============================================================
[2018/04/22 20:30:44 261] grm_lex    264  SYS_MSG_LOAD  
[2018/04/22 20:30:44 261] grm_lex    281  SYS_MSG_REGCB  
[2018/04/22 20:30:44 261] grm_lex    267  SYS_MSG_UNLOAD  
[2018/04/22 20:30:44 261] grm_lex    281  SYS_MSG_REGCB  
[2018/04/22 20:30:44 261] grm_lex    251  ISR_MSG_BUILDGRAMMAR  
[2018/04/22 20:30:44 261] grm_lex    100  grm_type :  bnf  
[2018/04/22 20:30:44 261] grm_lex    106  engine_type  :  local  
[2018/04/22 20:30:44 261] grm_lex    106  asr_res_path  :  fo|res/asr/common.jet  
[2018/04/22 20:30:44 261] grm_lex    106  sample_rate  :  16000  
[2018/04/22 20:30:44 262] grm_lex    106  grm_build_path  :  res/asr/GrmBuilld  
[2018/04/22 20:30:44 267] grm_lex    254  ISR_MSG_BUILDGRAMMAR ret =  0  
[2018/04/22 20:30:44 338] grm_lex    71   0  call  
============================================================
Time  2018/04/22 20:30:56 503 
============================================================
[2018/04/22 20:30:56 504] grm_lex    264  SYS_MSG_LOAD  
[2018/04/22 20:30:56 504] grm_lex    281  SYS_MSG_REGCB  
[2018/04/22 20:30:56 505] grm_lex    267  SYS_MSG_UNLOAD  
[2018/04/22 20:30:56 505] grm_lex    281  SYS_MSG_REGCB  
[2018/04/22 20:30:56 505] grm_lex    251  ISR_MSG_BUILDGRAMMAR  
[2018/04/22 20:30:56 505] grm_lex    100  grm_type :  bnf  
[2018/04/22 20:30:56 505] grm_lex    106  engine_type  :  local  
[2018/04/22 20:30:56 505] grm_lex    106  asr_res_path  :  fo|res/asr/common.jet  
[2018/04/22 20:30:56 505] grm_lex    106  sample_rate  :  16000  
[2018/04/22 20:30:56 505] grm_lex    106  grm_build_path  :  res/asr/GrmBuilld  
[2018/04/22 20:30:56 511] grm_lex    254  ISR_MSG_BUILDGRAMMAR ret =  0  
[2018/04/22 20:30:56 580] grm_lex    71   0  call  
============================================================
Time  2018/04/22 20:31:05 819 
============================================================
[2018/04/22 20:31:05 820] grm_lex    264  SYS_MSG_LOAD  
[2018/04/22 20:31:05 820] grm_lex    281  SYS_MSG_REGCB  
[2018/04/22 20:31:05 820] grm_lex    267  SYS_MSG_UNLOAD  
[2018/04/22 20:31:05 821] grm_lex    281  SYS_MSG_REGCB  
[2018/04/22 20:31:05 821] grm_lex    251  ISR_MSG_BUILDGRAMMAR  
[2018/04/22 20:31:05 821] grm_lex    100  grm_type :  bnf  
[2018/04/22 20:31:05 821] grm_lex    106  engine_type  :  local  
[2018/04/22 20:31:05 821] grm_lex    106  asr_res_path  :  fo|res/asr/common.jet  
[2018/04/22 20:31:05 821] grm_lex    106  sample_rate  :  16000  
[2018/04/22 20:31:05 821] grm_lex    106  grm_build_path  :  res/asr/GrmBuilld  
[2018/04/22 20:31:05 827] grm_lex    254  ISR_MSG_BUILDGRAMMAR ret =  0  
[2018/04/22 20:31:05 899] grm_lex    71   0  call  
============================================================
Time  2018/04/22 20:31:21 086 
============================================================
[2018/04/22 20:31:21 087] grm_lex    264  SYS_MSG_LOAD  
[2018/04/22 20:31:21 087] grm_lex    281  SYS_MSG_REGCB  
[2018/04/22 20:31:21 088] grm_lex    267  SYS_MSG_UNLOAD  
[2018/04/22 20:31:21 088] grm_lex    281  SYS_MSG_REGCB  
[2018/04/22 20:31:21 088] grm_lex    251  ISR_MSG_BUILDGRAMMAR  
[2018/04/22 20:31:21 088] grm_lex    100  grm_type :  bnf  
[2018/04/22 20:31:21 088] grm_lex    106  engine_type  :  local  
[2018/04/22 20:31:21 088] grm_lex    106  asr_res_path  :  fo|res/asr/common.jet  
[2018/04/22 20:31:21 089] grm_lex    106  sample_rate  :  16000  
[2018/04/22 20:31:21 089] grm_lex    106  grm_build_path  :  res/asr/GrmBuilld  
[2018/04/22 20:31:21 094] grm_lex    254  ISR_MSG_BUILDGRAMMAR ret =  0  
[2018/04/22 20:31:21 184] grm_lex    71   0  call  
============================================================
Time  2018/04/22 20:31:32 775 
============================================================
[2018/04/22 20:31:32 776] grm_lex    264  SYS_MSG_LOAD  
[2018/04/22 20:31:32 777] grm_lex    281  SYS_MSG_REGCB  
[2018/04/22 20:31:32 777] grm_lex    267  SYS_MSG_UNLOAD  
[2018/04/22 20:31:32 777] grm_lex    281  SYS_MSG_REGCB  
[2018/04/22 20:31:32 777] grm_lex    251  ISR_MSG_BUILDGRAMMAR  
[2018/04/22 20:31:32 777] grm_lex    100  grm_type :  bnf  
[2018/04/22 20:31:32 777] grm_lex    106  engine_type  :  local  
[2018/04/22 20:31:32 777] grm_lex    106  asr_res_path  :  fo|res/asr/common.jet  
[2018/04/22 20:31:32 777] grm_lex    106  sample_rate  :  16000  
[2018/04/22 20:31:32 777] grm_lex    106  grm_build_path  :  res/asr/GrmBuilld  
[2018/04/22 20:31:32 783] grm_lex    254  ISR_MSG_BUILDGRAMMAR ret =  0  
[2018/04/22 20:31:32 858] grm_lex    71   0  call  
============================================================
Time  2018/04/22 20:33:29 652 
============================================================
[2018/04/22 20:33:29 653] grm_lex    264  SYS_MSG_LOAD  
[2018/04/22 20:33:29 654] grm_lex    281  SYS_MSG_REGCB  
[2018/04/22 20:33:29 654] grm_lex    267  SYS_MSG_UNLOAD  
[2018/04/22 20:33:29 654] grm_lex    281  SYS_MSG_REGCB  
[2018/04/22 20:33:29 654] grm_lex    251  ISR_MSG_BUILDGRAMMAR  
[2018/04/22 20:33:29 654] grm_lex    100  grm_type :  bnf  
[2018/04/22 20:33:29 654] grm_lex    106  engine_type  :  local  
[2018/04/22 20:33:29 654] grm_lex    106  asr_res_path  :  fo|res/asr/common.jet  
[2018/04/22 20:33:29 654] grm_lex    106  sample_rate  :  16000  
[2018/04/22 20:33:29 654] grm_lex    106  grm_build_path  :  res/asr/GrmBuilld  
[2018/04/22 20:33:29 659] grm_lex    254  ISR_MSG_BUILDGRAMMAR ret =  0  
[2018/04/22 20:33:29 729] grm_lex    71   0  call  
============================================================
Time  2018/04/22 20:33:39 452 
============================================================
[2018/04/22 20:33:39 453] grm_lex    264  SYS_MSG_LOAD  
[2018/04/22 20:33:39 454] grm_lex    281  SYS_MSG_REGCB  
[2018/04/22 20:33:39 454] grm_lex    267  SYS_MSG_UNLOAD  
[2018/04/22 20:33:39 454] grm_lex    281  SYS_MSG_REGCB  
[2018/04/22 20:33:39 454] grm_lex    251  ISR_MSG_BUILDGRAMMAR  
[2018/04/22 20:33:39 454] grm_lex    100  grm_type :  bnf  
[2018/04/22 20:33:39 455] grm_lex    106  engine_type  :  local  
[2018/04/22 20:33:39 455] grm_lex    106  asr_res_path  :  fo|res/asr/common.jet  
[2018/04/22 20:33:39 455] grm_lex    106  sample_rate  :  16000  
[2018/04/22 20:33:39 455] grm_lex    106  grm_build_path  :  res/asr/GrmBuilld  
[2018/04/22 20:33:39 463] grm_lex    254  ISR_MSG_BUILDGRAMMAR ret =  0  
[2018/04/22 20:33:39 521] grm_lex    71   0  call  
============================================================
Time  2018/04/24 18:20:20 212 
============================================================
[2018/04/24 18:20:20 250] grm_lex    264  SYS_MSG_LOAD  
[2018/04/24 18:20:20 250] grm_lex    281  SYS_MSG_REGCB  
[2018/04/24 18:20:20 250] grm_lex    267  SYS_MSG_UNLOAD  
[2018/04/24 18:20:20 250] grm_lex    281  SYS_MSG_REGCB  
[2018/04/24 18:20:20 250] grm_lex    251  ISR_MSG_BUILDGRAMMAR  
[2018/04/24 18:20:20 250] grm_lex    100  grm_type :  bnf  
[2018/04/24 18:20:20 251] grm_lex    106  engine_type  :  local  
[2018/04/24 18:20:20 251] grm_lex    106  asr_res_path  :  fo|res/asr/common.jet  
[2018/04/24 18:20:20 251] grm_lex    106  sample_rate  :  16000  
[2018/04/24 18:20:20 251] grm_lex    106  grm_build_path  :  res/asr/GrmBuilld  
[2018/04/24 18:20:20 255] grm_lex    254  ISR_MSG_BUILDGRAMMAR ret =  0  
[2018/04/24 18:20:20 588] grm_lex    71   0  call  
============================================================
Time  2018/04/24 18:20:22 415 
============================================================
[2018/04/24 18:20:22 416] grm_lex    264  SYS_MSG_LOAD  
[2018/04/24 18:20:22 416] grm_lex    281  SYS_MSG_REGCB  
[2018/04/24 18:20:22 416] grm_lex    267  SYS_MSG_UNLOAD  
[2018/04/24 18:20:22 416] grm_lex    281  SYS_MSG_REGCB  
[2018/04/24 18:20:22 417] grm_lex    251  ISR_MSG_BUILDGRAMMAR  
[2018/04/24 18:20:22 417] grm_lex    100  grm_type :  bnf  
[2018/04/24 18:20:22 417] grm_lex    106  engine_type  :  local  
[2018/04/24 18:20:22 417] grm_lex    106  asr_res_path  :  fo|res/asr/common.jet  
[2018/04/24 18:20:22 417] grm_lex    106  sample_rate  :  16000  
[2018/04/24 18:20:22 417] grm_lex    106  grm_build_path  :  res/asr/GrmBuilld  
[2018/04/24 18:20:22 422] grm_lex    254  ISR_MSG_BUILDGRAMMAR ret =  0  
[2018/04/24 18:20:22 465] grm_lex    71   0  call  
============================================================
Time  2018/04/24 18:20:32 322 
============================================================
[2018/04/24 18:20:32 322] grm_lex    264  SYS_MSG_LOAD  
[2018/04/24 18:20:32 323] grm_lex    281  SYS_MSG_REGCB  
[2018/04/24 18:20:32 323] grm_lex    267  SYS_MSG_UNLOAD  
[2018/04/24 18:20:32 323] grm_lex    281  SYS_MSG_REGCB  
[2018/04/24 18:20:32 323] grm_lex    251  ISR_MSG_BUILDGRAMMAR  
[2018/04/24 18:20:32 323] grm_lex    100  grm_type :  bnf  
[2018/04/24 18:20:32 323] grm_lex    106  engine_type  :  local  
[2018/04/24 18:20:32 323] grm_lex    106  asr_res_path  :  fo|res/asr/common.jet  
[2018/04/24 18:20:32 323] grm_lex    106  sample_rate  :  16000  
[2018/04/24 18:20:32 323] grm_lex    106  grm_build_path  :  res/asr/GrmBuilld  
[2018/04/24 18:20:32 330] grm_lex    254  ISR_MSG_BUILDGRAMMAR ret =  0  
[2018/04/24 18:20:32 392] grm_lex    71   0  call  
============================================================
Time  2018/04/24 18:28:56 263 
============================================================
[2018/04/24 18:28:56 264] grm_lex    264  SYS_MSG_LOAD  
[2018/04/24 18:28:56 264] grm_lex    281  SYS_MSG_REGCB  
[2018/04/24 18:28:56 264] grm_lex    267  SYS_MSG_UNLOAD  
[2018/04/24 18:28:56 264] grm_lex    281  SYS_MSG_REGCB  
[2018/04/24 18:28:56 264] grm_lex    251  ISR_MSG_BUILDGRAMMAR  
[2018/04/24 18:28:56 265] grm_lex    100  grm_type :  bnf  
[2018/04/24 18:28:56 265] grm_lex    106  engine_type  :  local  
[2018/04/24 18:28:56 265] grm_lex    106  asr_res_path  :  fo|res/asr/common.jet  
[2018/04/24 18:28:56 265] grm_lex    106  sample_rate  :  16000  
[2018/04/24 18:28:56 265] grm_lex    106  grm_build_path  :  res/asr/GrmBuilld  
[2018/04/24 18:28:56 270] grm_lex    254  ISR_MSG_BUILDGRAMMAR ret =  0  
[2018/04/24 18:28:56 340] grm_lex    71   0  call  
============================================================
Time  2018/04/24 18:29:07 489 
============================================================
[2018/04/24 18:29:07 491] grm_lex    264  SYS_MSG_LOAD  
[2018/04/24 18:29:07 491] grm_lex    281  SYS_MSG_REGCB  
[2018/04/24 18:29:07 491] grm_lex    267  SYS_MSG_UNLOAD  
[2018/04/24 18:29:07 492] grm_lex    281  SYS_MSG_REGCB  
[2018/04/24 18:29:07 492] grm_lex    251  ISR_MSG_BUILDGRAMMAR  
[2018/04/24 18:29:07 492] grm_lex    100  grm_type :  bnf  
[2018/04/24 18:29:07 492] grm_lex    106  engine_type  :  local  
[2018/04/24 18:29:07 492] grm_lex    106  asr_res_path  :  fo|res/asr/common.jet  
[2018/04/24 18:29:07 492] grm_lex    106  sample_rate  :  16000  
[2018/04/24 18:29:07 492] grm_lex    106  grm_build_path  :  res/asr/GrmBuilld  
[2018/04/24 18:29:07 498] grm_lex    254  ISR_MSG_BUILDGRAMMAR ret =  0  
[2018/04/24 18:29:07 581] grm_lex    71   0  call  
============================================================
Time  2018/04/24 18:30:16 742 
============================================================
[2018/04/24 18:30:16 743] grm_lex    264  SYS_MSG_LOAD  
[2018/04/24 18:30:16 743] grm_lex    281  SYS_MSG_REGCB  
[2018/04/24 18:30:16 743] grm_lex    267  SYS_MSG_UNLOAD  
[2018/04/24 18:30:16 743] grm_lex    281  SYS_MSG_REGCB  
[2018/04/24 18:30:16 743] grm_lex    251  ISR_MSG_BUILDGRAMMAR  
[2018/04/24 18:30:16 743] grm_lex    100  grm_type :  bnf  
[2018/04/24 18:30:16 743] grm_lex    106  engine_type  :  local  
[2018/04/24 18:30:16 743] grm_lex    106  asr_res_path  :  fo|res/asr/common.jet  
[2018/04/24 18:30:16 743] grm_lex    106  sample_rate  :  16000  
[2018/04/24 18:30:16 743] grm_lex    106  grm_build_path  :  res/asr/GrmBuilld  
[2018/04/24 18:30:16 750] grm_lex    254  ISR_MSG_BUILDGRAMMAR ret =  0  
[2018/04/24 18:30:16 807] grm_lex    71   0  call  
============================================================
Time  2018/04/24 18:30:24 104 
============================================================
[2018/04/24 18:30:24 104] grm_lex    264  SYS_MSG_LOAD  
[2018/04/24 18:30:24 105] grm_lex    281  SYS_MSG_REGCB  
[2018/04/24 18:30:24 105] grm_lex    267  SYS_MSG_UNLOAD  
[2018/04/24 18:30:24 105] grm_lex    281  SYS_MSG_REGCB  
[2018/04/24 18:30:24 105] grm_lex    251  ISR_MSG_BUILDGRAMMAR  
[2018/04/24 18:30:24 105] grm_lex    100  grm_type :  bnf  
[2018/04/24 18:30:24 105] grm_lex    106  engine_type  :  local  
[2018/04/24 18:30:24 105] grm_lex    106  asr_res_path  :  fo|res/asr/common.jet  
[2018/04/24 18:30:24 105] grm_lex    106  sample_rate  :  16000  
[2018/04/24 18:30:24 105] grm_lex    106  grm_build_path  :  res/asr/GrmBuilld  
[2018/04/24 18:30:24 112] grm_lex    254  ISR_MSG_BUILDGRAMMAR ret =  0  
[2018/04/24 18:30:24 163] grm_lex    71   0  call  
============================================================
Time  2018/04/24 18:30:34 768 
============================================================
[2018/04/24 18:30:34 769] grm_lex    264  SYS_MSG_LOAD  
[2018/04/24 18:30:34 769] grm_lex    281  SYS_MSG_REGCB  
[2018/04/24 18:30:34 770] grm_lex    267  SYS_MSG_UNLOAD  
[2018/04/24 18:30:34 770] grm_lex    281  SYS_MSG_REGCB  
[2018/04/24 18:30:34 770] grm_lex    251  ISR_MSG_BUILDGRAMMAR  
[2018/04/24 18:30:34 770] grm_lex    100  grm_type :  bnf  
[2018/04/24 18:30:34 770] grm_lex    106  engine_type  :  local  
[2018/04/24 18:30:34 770] grm_lex    106  asr_res_path  :  fo|res/asr/common.jet  
[2018/04/24 18:30:34 770] grm_lex    106  sample_rate  :  16000  
[2018/04/24 18:30:34 770] grm_lex    106  grm_build_path  :  res/asr/GrmBuilld  
[2018/04/24 18:30:34 778] grm_lex    254  ISR_MSG_BUILDGRAMMAR ret =  0  
[2018/04/24 18:30:34 860] grm_lex    71   0  call  
============================================================
Time  2018/04/24 18:30:41 770 
============================================================
[2018/04/24 18:30:41 771] grm_lex    264  SYS_MSG_LOAD  
[2018/04/24 18:30:41 772] grm_lex    281  SYS_MSG_REGCB  
[2018/04/24 18:30:41 772] grm_lex    267  SYS_MSG_UNLOAD  
[2018/04/24 18:30:41 772] grm_lex    281  SYS_MSG_REGCB  
[2018/04/24 18:30:41 772] grm_lex    251  ISR_MSG_BUILDGRAMMAR  
[2018/04/24 18:30:41 772] grm_lex    100  grm_type :  bnf  
[2018/04/24 18:30:41 772] grm_lex    106  engine_type  :  local  
[2018/04/24 18:30:41 772] grm_lex    106  asr_res_path  :  fo|res/asr/common.jet  
[2018/04/24 18:30:41 772] grm_lex    106  sample_rate  :  16000  
[2018/04/24 18:30:41 772] grm_lex    106  grm_build_path  :  res/asr/GrmBuilld  
[2018/04/24 18:30:41 777] grm_lex    254  ISR_MSG_BUILDGRAMMAR ret =  0  
[2018/04/24 18:30:41 813] grm_lex    71   0  call  
============================================================
Time  2018/04/24 18:31:05 226 
============================================================
[2018/04/24 18:31:05 227] grm_lex    264  SYS_MSG_LOAD  
[2018/04/24 18:31:05 227] grm_lex    281  SYS_MSG_REGCB  
[2018/04/24 18:31:05 228] grm_lex    267  SYS_MSG_UNLOAD  
[2018/04/24 18:31:05 228] grm_lex    281  SYS_MSG_REGCB  
[2018/04/24 18:31:05 228] grm_lex    251  ISR_MSG_BUILDGRAMMAR  
[2018/04/24 18:31:05 228] grm_lex    100  grm_type :  bnf  
[2018/04/24 18:31:05 228] grm_lex    106  engine_type  :  local  
[2018/04/24 18:31:05 228] grm_lex    106  asr_res_path  :  fo|res/asr/common.jet  
[2018/04/24 18:31:05 228] grm_lex    106  sample_rate  :  16000  
[2018/04/24 18:31:05 228] grm_lex    106  grm_build_path  :  res/asr/GrmBuilld  
[2018/04/24 18:31:05 234] grm_lex    254  ISR_MSG_BUILDGRAMMAR ret =  0  
[2018/04/24 18:31:05 288] grm_lex    71   0  call  
============================================================
Time  2018/04/24 18:31:17 881 
============================================================
[2018/04/24 18:31:17 882] grm_lex    264  SYS_MSG_LOAD  
[2018/04/24 18:31:17 882] grm_lex    281  SYS_MSG_REGCB  
[2018/04/24 18:31:17 883] grm_lex    267  SYS_MSG_UNLOAD  
[2018/04/24 18:31:17 883] grm_lex    281  SYS_MSG_REGCB  
[2018/04/24 18:31:17 883] grm_lex    251  ISR_MSG_BUILDGRAMMAR  
[2018/04/24 18:31:17 883] grm_lex    100  grm_type :  bnf  
[2018/04/24 18:31:17 883] grm_lex    106  engine_type  :  local  
[2018/04/24 18:31:17 883] grm_lex    106  asr_res_path  :  fo|res/asr/common.jet  
[2018/04/24 18:31:17 883] grm_lex    106  sample_rate  :  16000  
[2018/04/24 18:31:17 883] grm_lex    106  grm_build_path  :  res/asr/GrmBuilld  
[2018/04/24 18:31:17 890] grm_lex    254  ISR_MSG_BUILDGRAMMAR ret =  0  
[2018/04/24 18:31:17 966] grm_lex    71   0  call  
============================================================
Time  2018/04/24 18:31:29 996 
============================================================
[2018/04/24 18:31:29 997] grm_lex    264  SYS_MSG_LOAD  
[2018/04/24 18:31:29 998] grm_lex    281  SYS_MSG_REGCB  
[2018/04/24 18:31:29 998] grm_lex    267  SYS_MSG_UNLOAD  
[2018/04/24 18:31:29 998] grm_lex    281  SYS_MSG_REGCB  
[2018/04/24 18:31:29 998] grm_lex    251  ISR_MSG_BUILDGRAMMAR  
[2018/04/24 18:31:29 998] grm_lex    100  grm_type :  bnf  
[2018/04/24 18:31:29 998] grm_lex    106  engine_type  :  local  
[2018/04/24 18:31:29 998] grm_lex    106  asr_res_path  :  fo|res/asr/common.jet  
[2018/04/24 18:31:29 998] grm_lex    106  sample_rate  :  16000  
[2018/04/24 18:31:29 999] grm_lex    106  grm_build_path  :  res/asr/GrmBuilld  
[2018/04/24 18:31:30 006] grm_lex    254  ISR_MSG_BUILDGRAMMAR ret =  0  
[2018/04/24 18:31:30 077] grm_lex    71   0  call  
============================================================
Time  2018/04/24 18:31:42 653 
============================================================
[2018/04/24 18:31:42 655] grm_lex    264  SYS_MSG_LOAD  
[2018/04/24 18:31:42 655] grm_lex    281  SYS_MSG_REGCB  
[2018/04/24 18:31:42 655] grm_lex    267  SYS_MSG_UNLOAD  
[2018/04/24 18:31:42 655] grm_lex    281  SYS_MSG_REGCB  
[2018/04/24 18:31:42 655] grm_lex    251  ISR_MSG_BUILDGRAMMAR  
[2018/04/24 18:31:42 655] grm_lex    100  grm_type :  bnf  
[2018/04/24 18:31:42 656] grm_lex    106  engine_type  :  local  
[2018/04/24 18:31:42 656] grm_lex    106  asr_res_path  :  fo|res/asr/common.jet  
[2018/04/24 18:31:42 656] grm_lex    106  sample_rate  :  16000  
[2018/04/24 18:31:42 656] grm_lex    106  grm_build_path  :  res/asr/GrmBuilld  
[2018/04/24 18:31:42 662] grm_lex    254  ISR_MSG_BUILDGRAMMAR ret =  0  
[2018/04/24 18:31:42 778] grm_lex    71   0  call  
============================================================
Time  2018/04/24 18:32:48 330 
============================================================
[2018/04/24 18:32:48 331] grm_lex    264  SYS_MSG_LOAD  
[2018/04/24 18:32:48 331] grm_lex    281  SYS_MSG_REGCB  
[2018/04/24 18:32:48 331] grm_lex    267  SYS_MSG_UNLOAD  
[2018/04/24 18:32:48 331] grm_lex    281  SYS_MSG_REGCB  
[2018/04/24 18:32:48 332] grm_lex    251  ISR_MSG_BUILDGRAMMAR  
[2018/04/24 18:32:48 332] grm_lex    100  grm_type :  bnf  
[2018/04/24 18:32:48 332] grm_lex    106  engine_type  :  local  
[2018/04/24 18:32:48 332] grm_lex    106  asr_res_path  :  fo|res/asr/common.jet  
[2018/04/24 18:32:48 332] grm_lex    106  sample_rate  :  16000  
[2018/04/24 18:32:48 332] grm_lex    106  grm_build_path  :  res/asr/GrmBuilld  
[2018/04/24 18:32:48 338] grm_lex    254  ISR_MSG_BUILDGRAMMAR ret =  0  
[2018/04/24 18:32:48 399] grm_lex    71   0  call  
============================================================
Time  2018/04/24 18:32:59 373 
============================================================
[2018/04/24 18:32:59 373] grm_lex    264  SYS_MSG_LOAD  
[2018/04/24 18:32:59 373] grm_lex    281  SYS_MSG_REGCB  
[2018/04/24 18:32:59 374] grm_lex    267  SYS_MSG_UNLOAD  
[2018/04/24 18:32:59 374] grm_lex    281  SYS_MSG_REGCB  
[2018/04/24 18:32:59 374] grm_lex    251  ISR_MSG_BUILDGRAMMAR  
[2018/04/24 18:32:59 374] grm_lex    100  grm_type :  bnf  
[2018/04/24 18:32:59 374] grm_lex    106  engine_type  :  local  
[2018/04/24 18:32:59 374] grm_lex    106  asr_res_path  :  fo|res/asr/common.jet  
[2018/04/24 18:32:59 374] grm_lex    106  sample_rate  :  16000  
[2018/04/24 18:32:59 374] grm_lex    106  grm_build_path  :  res/asr/GrmBuilld  
[2018/04/24 18:32:59 378] grm_lex    254  ISR_MSG_BUILDGRAMMAR ret =  0  
[2018/04/24 18:32:59 418] grm_lex    71   0  call  
============================================================
Time  2018/04/24 18:34:57 773 
============================================================
[2018/04/24 18:34:57 774] grm_lex    264  SYS_MSG_LOAD  
[2018/04/24 18:34:57 774] grm_lex    281  SYS_MSG_REGCB  
[2018/04/24 18:34:57 774] grm_lex    267  SYS_MSG_UNLOAD  
[2018/04/24 18:34:57 774] grm_lex    281  SYS_MSG_REGCB  
[2018/04/24 18:34:57 774] grm_lex    251  ISR_MSG_BUILDGRAMMAR  
[2018/04/24 18:34:57 774] grm_lex    100  grm_type :  bnf  
[2018/04/24 18:34:57 774] grm_lex    106  engine_type  :  local  
[2018/04/24 18:34:57 774] grm_lex    106  asr_res_path  :  fo|res/asr/common.jet  
[2018/04/24 18:34:57 774] grm_lex    106  sample_rate  :  16000  
[2018/04/24 18:34:57 774] grm_lex    106  grm_build_path  :  res/asr/GrmBuilld  
[2018/04/24 18:34:57 778] grm_lex    254  ISR_MSG_BUILDGRAMMAR ret =  0  
[2018/04/24 18:34:57 845] grm_lex    71   0  call  
============================================================
Time  2018/04/24 18:35:15 564 
============================================================
[2018/04/24 18:35:15 565] grm_lex    264  SYS_MSG_LOAD  
[2018/04/24 18:35:15 565] grm_lex    281  SYS_MSG_REGCB  
[2018/04/24 18:35:15 565] grm_lex    267  SYS_MSG_UNLOAD  
[2018/04/24 18:35:15 565] grm_lex    281  SYS_MSG_REGCB  
[2018/04/24 18:35:15 565] grm_lex    251  ISR_MSG_BUILDGRAMMAR  
[2018/04/24 18:35:15 565] grm_lex    100  grm_type :  bnf  
[2018/04/24 18:35:15 565] grm_lex    106  engine_type  :  local  
[2018/04/24 18:35:15 565] grm_lex    106  asr_res_path  :  fo|res/asr/common.jet  
[2018/04/24 18:35:15 565] grm_lex    106  sample_rate  :  16000  
[2018/04/24 18:35:15 565] grm_lex    106  grm_build_path  :  res/asr/GrmBuilld  
[2018/04/24 18:35:15 570] grm_lex    254  ISR_MSG_BUILDGRAMMAR ret =  0  
[2018/04/24 18:35:15 635] grm_lex    71   0  call  
============================================================
Time  2018/04/24 19:13:30 623 
============================================================
[2018/04/24 19:13:30 624] grm_lex    264  SYS_MSG_LOAD  
[2018/04/24 19:13:30 625] grm_lex    281  SYS_MSG_REGCB  
[2018/04/24 19:13:30 625] grm_lex    267  SYS_MSG_UNLOAD  
[2018/04/24 19:13:30 625] grm_lex    281  SYS_MSG_REGCB  
[2018/04/24 19:13:30 625] grm_lex    251  ISR_MSG_BUILDGRAMMAR  
[2018/04/24 19:13:30 625] grm_lex    100  grm_type :  bnf  
[2018/04/24 19:13:30 625] grm_lex    106  engine_type  :  local  
[2018/04/24 19:13:30 625] grm_lex    106  asr_res_path  :  fo|res/asr/common.jet  
[2018/04/24 19:13:30 625] grm_lex    106  sample_rate  :  16000  
[2018/04/24 19:13:30 625] grm_lex    106  grm_build_path  :  res/asr/GrmBuilld  
[2018/04/24 19:13:30 631] grm_lex    254  ISR_MSG_BUILDGRAMMAR ret =  0  
[2018/04/24 19:13:30 688] grm_lex    71   0  call  
============================================================
Time  2018/04/24 19:14:50 188 
============================================================
[2018/04/24 19:14:50 188] grm_lex    264  SYS_MSG_LOAD  
[2018/04/24 19:14:50 189] grm_lex    281  SYS_MSG_REGCB  
[2018/04/24 19:14:50 189] grm_lex    267  SYS_MSG_UNLOAD  
[2018/04/24 19:14:50 189] grm_lex    281  SYS_MSG_REGCB  
[2018/04/24 19:14:50 189] grm_lex    251  ISR_MSG_BUILDGRAMMAR  
[2018/04/24 19:14:50 189] grm_lex    100  grm_type :  bnf  
[2018/04/24 19:14:50 189] grm_lex    106  engine_type  :  local  
[2018/04/24 19:14:50 189] grm_lex    106  asr_res_path  :  fo|res/asr/common.jet  
[2018/04/24 19:14:50 189] grm_lex    106  sample_rate  :  16000  
[2018/04/24 19:14:50 189] grm_lex    106  grm_build_path  :  res/asr/GrmBuilld  
[2018/04/24 19:14:50 194] grm_lex    254  ISR_MSG_BUILDGRAMMAR ret =  0  
[2018/04/24 19:14:50 256] grm_lex    71   0  call  
============================================================
Time  2018/04/24 19:34:28 421 
============================================================
[2018/04/24 19:34:28 422] grm_lex    264  SYS_MSG_LOAD  
[2018/04/24 19:34:28 423] grm_lex    281  SYS_MSG_REGCB  
[2018/04/24 19:34:28 423] grm_lex    267  SYS_MSG_UNLOAD  
[2018/04/24 19:34:28 423] grm_lex    281  SYS_MSG_REGCB  
[2018/04/24 19:34:28 423] grm_lex    251  ISR_MSG_BUILDGRAMMAR  
[2018/04/24 19:34:28 423] grm_lex    100  grm_type :  bnf  
[2018/04/24 19:34:28 423] grm_lex    106  engine_type  :  local  
[2018/04/24 19:34:28 423] grm_lex    106  asr_res_path  :  fo|res/asr/common.jet  
[2018/04/24 19:34:28 423] grm_lex    106  sample_rate  :  16000  
[2018/04/24 19:34:28 423] grm_lex    106  grm_build_path  :  res/asr/GrmBuilld  
[2018/04/24 19:34:28 430] grm_lex    254  ISR_MSG_BUILDGRAMMAR ret =  0  
[2018/04/24 19:34:28 495] grm_lex    71   0  call  
============================================================
Time  2018/05/01 09:19:25 591 
============================================================
[2018/05/01 09:19:25 612] grm_lex    264  SYS_MSG_LOAD  
[2018/05/01 09:19:25 612] grm_lex    281  SYS_MSG_REGCB  
[2018/05/01 09:19:25 612] grm_lex    267  SYS_MSG_UNLOAD  
[2018/05/01 09:19:25 612] grm_lex    281  SYS_MSG_REGCB  
[2018/05/01 09:19:25 612] grm_lex    251  ISR_MSG_BUILDGRAMMAR  
[2018/05/01 09:19:25 612] grm_lex    100  grm_type :  bnf  
[2018/05/01 09:19:25 612] grm_lex    106  engine_type  :  local  
[2018/05/01 09:19:25 612] grm_lex    106  asr_res_path  :  fo|res/asr/common.jet  
[2018/05/01 09:19:25 612] grm_lex    106  sample_rate  :  16000  
[2018/05/01 09:19:25 612] grm_lex    106  grm_build_path  :  res/asr/GrmBuilld  
[2018/05/01 09:19:25 620] grm_lex    254  ISR_MSG_BUILDGRAMMAR ret =  0  
[2018/05/01 09:19:25 921] grm_lex    71   0  call  
============================================================
Time  2018/05/01 09:19:44 064 
============================================================
[2018/05/01 09:19:44 065] grm_lex    264  SYS_MSG_LOAD  
[2018/05/01 09:19:44 066] grm_lex    281  SYS_MSG_REGCB  
[2018/05/01 09:19:44 066] grm_lex    267  SYS_MSG_UNLOAD  
[2018/05/01 09:19:44 070] grm_lex    281  SYS_MSG_REGCB  
[2018/05/01 09:19:44 070] grm_lex    251  ISR_MSG_BUILDGRAMMAR  
[2018/05/01 09:19:44 070] grm_lex    100  grm_type :  bnf  
[2018/05/01 09:19:44 070] grm_lex    106  engine_type  :  local  
[2018/05/01 09:19:44 070] grm_lex    106  asr_res_path  :  fo|res/asr/common.jet  
[2018/05/01 09:19:44 070] grm_lex    106  sample_rate  :  16000  
[2018/05/01 09:19:44 070] grm_lex    106  grm_build_path  :  res/asr/GrmBuilld  
[2018/05/01 09:19:44 077] grm_lex    254  ISR_MSG_BUILDGRAMMAR ret =  0  
[2018/05/01 09:19:44 210] grm_lex    71   0  call  
============================================================
Time  2018/05/01 09:20:01 709 
============================================================
[2018/05/01 09:20:01 710] grm_lex    264  SYS_MSG_LOAD  
[2018/05/01 09:20:01 711] grm_lex    281  SYS_MSG_REGCB  
[2018/05/01 09:20:01 711] grm_lex    267  SYS_MSG_UNLOAD  
[2018/05/01 09:20:01 711] grm_lex    281  SYS_MSG_REGCB  
[2018/05/01 09:20:01 711] grm_lex    251  ISR_MSG_BUILDGRAMMAR  
[2018/05/01 09:20:01 711] grm_lex    100  grm_type :  bnf  
[2018/05/01 09:20:01 711] grm_lex    106  engine_type  :  local  
[2018/05/01 09:20:01 711] grm_lex    106  asr_res_path  :  fo|res/asr/common.jet  
[2018/05/01 09:20:01 711] grm_lex    106  sample_rate  :  16000  
[2018/05/01 09:20:01 711] grm_lex    106  grm_build_path  :  res/asr/GrmBuilld  
[2018/05/01 09:20:01 717] grm_lex    254  ISR_MSG_BUILDGRAMMAR ret =  0  
[2018/05/01 09:20:01 774] grm_lex    71   0  call  
============================================================
Time  2018/05/01 09:20:19 346 
============================================================
[2018/05/01 09:20:19 347] grm_lex    264  SYS_MSG_LOAD  
[2018/05/01 09:20:19 347] grm_lex    281  SYS_MSG_REGCB  
[2018/05/01 09:20:19 348] grm_lex    267  SYS_MSG_UNLOAD  
[2018/05/01 09:20:19 348] grm_lex    281  SYS_MSG_REGCB  
[2018/05/01 09:20:19 348] grm_lex    251  ISR_MSG_BUILDGRAMMAR  
[2018/05/01 09:20:19 348] grm_lex    100  grm_type :  bnf  
[2018/05/01 09:20:19 348] grm_lex    106  engine_type  :  local  
[2018/05/01 09:20:19 348] grm_lex    106  asr_res_path  :  fo|res/asr/common.jet  
[2018/05/01 09:20:19 348] grm_lex    106  sample_rate  :  16000  
[2018/05/01 09:20:19 348] grm_lex    106  grm_build_path  :  res/asr/GrmBuilld  
[2018/05/01 09:20:19 353] grm_lex    254  ISR_MSG_BUILDGRAMMAR ret =  0  
[2018/05/01 09:20:19 526] grm_lex    71   0  call  
============================================================
Time  2018/05/01 10:21:08 048 
============================================================
[2018/05/01 10:21:08 049] grm_lex    264  SYS_MSG_LOAD  
[2018/05/01 10:21:08 049] grm_lex    281  SYS_MSG_REGCB  
[2018/05/01 10:21:08 049] grm_lex    267  SYS_MSG_UNLOAD  
[2018/05/01 10:21:08 050] grm_lex    281  SYS_MSG_REGCB  
[2018/05/01 10:21:08 050] grm_lex    251  ISR_MSG_BUILDGRAMMAR  
[2018/05/01 10:21:08 050] grm_lex    100  grm_type :  bnf  
[2018/05/01 10:21:08 050] grm_lex    106  engine_type  :  local  
[2018/05/01 10:21:08 050] grm_lex    106  asr_res_path  :  fo|res/asr/common.jet  
[2018/05/01 10:21:08 050] grm_lex    106  sample_rate  :  16000  
[2018/05/01 10:21:08 050] grm_lex    106  grm_build_path  :  res/asr/GrmBuilld  
[2018/05/01 10:21:08 057] grm_lex    254  ISR_MSG_BUILDGRAMMAR ret =  0  
[2018/05/01 10:21:08 130] grm_lex    71   0  call  
============================================================
Time  2018/05/01 10:21:26 771 
============================================================
[2018/05/01 10:21:26 772] grm_lex    264  SYS_MSG_LOAD  
[2018/05/01 10:21:26 772] grm_lex    281  SYS_MSG_REGCB  
[2018/05/01 10:21:26 772] grm_lex    267  SYS_MSG_UNLOAD  
[2018/05/01 10:21:26 773] grm_lex    281  SYS_MSG_REGCB  
[2018/05/01 10:21:26 773] grm_lex    251  ISR_MSG_BUILDGRAMMAR  
[2018/05/01 10:21:26 773] grm_lex    100  grm_type :  bnf  
[2018/05/01 10:21:26 773] grm_lex    106  engine_type  :  local  
[2018/05/01 10:21:26 773] grm_lex    106  asr_res_path  :  fo|res/asr/common.jet  
[2018/05/01 10:21:26 773] grm_lex    106  sample_rate  :  16000  
[2018/05/01 10:21:26 773] grm_lex    106  grm_build_path  :  res/asr/GrmBuilld  
[2018/05/01 10:21:26 781] grm_lex    254  ISR_MSG_BUILDGRAMMAR ret =  0  
[2018/05/01 10:21:26 850] grm_lex    71   0  call  
============================================================
Time  2018/05/01 10:21:44 394 
============================================================
[2018/05/01 10:21:44 396] grm_lex    264  SYS_MSG_LOAD  
[2018/05/01 10:21:44 396] grm_lex    281  SYS_MSG_REGCB  
[2018/05/01 10:21:44 396] grm_lex    267  SYS_MSG_UNLOAD  
[2018/05/01 10:21:44 396] grm_lex    281  SYS_MSG_REGCB  
[2018/05/01 10:21:44 396] grm_lex    251  ISR_MSG_BUILDGRAMMAR  
[2018/05/01 10:21:44 396] grm_lex    100  grm_type :  bnf  
[2018/05/01 10:21:44 396] grm_lex    106  engine_type  :  local  
[2018/05/01 10:21:44 396] grm_lex    106  asr_res_path  :  fo|res/asr/common.jet  
[2018/05/01 10:21:44 396] grm_lex    106  sample_rate  :  16000  
[2018/05/01 10:21:44 397] grm_lex    106  grm_build_path  :  res/asr/GrmBuilld  
[2018/05/01 10:21:44 401] grm_lex    254  ISR_MSG_BUILDGRAMMAR ret =  0  
[2018/05/01 10:21:44 481] grm_lex    71   0  call  
============================================================
Time  2018/05/01 10:22:15 100 
============================================================
[2018/05/01 10:22:15 101] grm_lex    264  SYS_MSG_LOAD  
[2018/05/01 10:22:15 101] grm_lex    281  SYS_MSG_REGCB  
[2018/05/01 10:22:15 102] grm_lex    267  SYS_MSG_UNLOAD  
[2018/05/01 10:22:15 102] grm_lex    281  SYS_MSG_REGCB  
[2018/05/01 10:22:15 102] grm_lex    251  ISR_MSG_BUILDGRAMMAR  
[2018/05/01 10:22:15 102] grm_lex    100  grm_type :  bnf  
[2018/05/01 10:22:15 102] grm_lex    106  engine_type  :  local  
[2018/05/01 10:22:15 102] grm_lex    106  asr_res_path  :  fo|res/asr/common.jet  
[2018/05/01 10:22:15 102] grm_lex    106  sample_rate  :  16000  
[2018/05/01 10:22:15 102] grm_lex    106  grm_build_path  :  res/asr/GrmBuilld  
[2018/05/01 10:22:15 109] grm_lex    254  ISR_MSG_BUILDGRAMMAR ret =  0  
[2018/05/01 10:22:15 196] grm_lex    71   0  call  
============================================================
Time  2018/05/01 10:26:17 644 
============================================================
[2018/05/01 10:26:17 645] grm_lex    264  SYS_MSG_LOAD  
[2018/05/01 10:26:17 645] grm_lex    281  SYS_MSG_REGCB  
[2018/05/01 10:26:17 646] grm_lex    267  SYS_MSG_UNLOAD  
[2018/05/01 10:26:17 646] grm_lex    281  SYS_MSG_REGCB  
[2018/05/01 10:26:17 646] grm_lex    251  ISR_MSG_BUILDGRAMMAR  
[2018/05/01 10:26:17 646] grm_lex    100  grm_type :  bnf  
[2018/05/01 10:26:17 646] grm_lex    106  engine_type  :  local  
[2018/05/01 10:26:17 646] grm_lex    106  asr_res_path  :  fo|res/asr/common.jet  
[2018/05/01 10:26:17 646] grm_lex    106  sample_rate  :  16000  
[2018/05/01 10:26:17 646] grm_lex    106  grm_build_path  :  res/asr/GrmBuilld  
[2018/05/01 10:26:17 654] grm_lex    254  ISR_MSG_BUILDGRAMMAR ret =  0  
[2018/05/01 10:26:17 747] grm_lex    71   0  call  
============================================================
Time  2018/05/01 10:29:24 895 
============================================================
[2018/05/01 10:29:24 896] grm_lex    264  SYS_MSG_LOAD  
[2018/05/01 10:29:24 896] grm_lex    281  SYS_MSG_REGCB  
[2018/05/01 10:29:24 896] grm_lex    267  SYS_MSG_UNLOAD  
[2018/05/01 10:29:24 896] grm_lex    281  SYS_MSG_REGCB  
[2018/05/01 10:29:24 896] grm_lex    251  ISR_MSG_BUILDGRAMMAR  
[2018/05/01 10:29:24 896] grm_lex    100  grm_type :  bnf  
[2018/05/01 10:29:24 896] grm_lex    106  engine_type  :  local  
[2018/05/01 10:29:24 896] grm_lex    106  asr_res_path  :  fo|res/asr/common.jet  
[2018/05/01 10:29:24 896] grm_lex    106  sample_rate  :  16000  
[2018/05/01 10:29:24 896] grm_lex    106  grm_build_path  :  res/asr/GrmBuilld  
[2018/05/01 10:29:24 905] grm_lex    254  ISR_MSG_BUILDGRAMMAR ret =  0  
[2018/05/01 10:29:24 956] grm_lex    71   0  call  
